2025-08-06 18:25:19,201 - DEBUG - uiname is BLACK_BOX
2025-08-06 18:25:19,201 - DEBUG - toplevel widget is MainWindow
2025-08-06 18:25:19,201 - DEBUG - setting property geometry
2025-08-06 18:25:19,201 - DEBUG - setting property font
2025-08-06 18:25:19,201 - DEBUG - setting property windowTitle
2025-08-06 18:25:19,202 - DEBUG - push MainWindow BLACK_BOX
2025-08-06 18:25:19,202 - DEBUG - push QWidget centralwidget
2025-08-06 18:25:19,203 - DEBUG - setting property geometry
2025-08-06 18:25:19,203 - DEBUG - setting property styleSheet
2025-08-06 18:25:19,240 - DEBUG - push QTreeWidget treeWidget
2025-08-06 18:25:19,240 - DEBUG - pop widget QTreeWidget treeWidget
2025-08-06 18:25:19,240 - DEBUG - new topwidget <PyQt5.QtWidgets.QWidget object at 0x10b60eee0>
2025-08-06 18:25:19,241 - DEBUG - setting property geometry
2025-08-06 18:25:19,241 - DEBUG - push QWidget verticalLayoutWidget
2025-08-06 18:25:19,241 - DEBUG - setting property spacing
2025-08-06 18:25:19,241 - DEBUG - setting property sizeConstraint
2025-08-06 18:25:19,241 - DEBUG - setting property pyuicMargins
2025-08-06 18:25:19,241 - DEBUG - setting property pyuicSpacing
2025-08-06 18:25:19,241 - DEBUG - push QVBoxLayout verticalLayout
2025-08-06 18:25:19,242 - DEBUG - setting property enabled
2025-08-06 18:25:19,242 - DEBUG - setting property styleSheet
2025-08-06 18:25:19,242 - DEBUG - push QTextEdit originalHexEdit
2025-08-06 18:25:19,242 - DEBUG - pop widget QTextEdit originalHexEdit
2025-08-06 18:25:19,242 - DEBUG - new topwidget <PyQt5.QtWidgets.QWidget object at 0x11705a040>
2025-08-06 18:25:19,242 - DEBUG - setting property value
2025-08-06 18:25:19,242 - DEBUG - push QProgressBar progressBar
2025-08-06 18:25:19,243 - DEBUG - pop widget QProgressBar progressBar
2025-08-06 18:25:19,243 - DEBUG - new topwidget <PyQt5.QtWidgets.QWidget object at 0x11705a040>
2025-08-06 18:25:19,243 - DEBUG - setting property sizePolicy
2025-08-06 18:25:19,243 - DEBUG - setting property font
2025-08-06 18:25:19,245 - DEBUG - setting property accessibleDescription
2025-08-06 18:25:19,245 - DEBUG - setting property title
2025-08-06 18:25:19,245 - DEBUG - push QGroupBox vinPinContainer
2025-08-06 18:25:19,245 - DEBUG - pop widget QGroupBox vinPinContainer
2025-08-06 18:25:19,246 - DEBUG - new topwidget <PyQt5.QtWidgets.QWidget object at 0x11705a040>
2025-08-06 18:25:19,246 - DEBUG - setting property styleSheet
2025-08-06 18:25:19,246 - DEBUG - push QTextEdit modifiedHexEdit
2025-08-06 18:25:19,246 - DEBUG - pop widget QTextEdit modifiedHexEdit
2025-08-06 18:25:19,246 - DEBUG - new topwidget <PyQt5.QtWidgets.QWidget object at 0x11705a040>
2025-08-06 18:25:19,246 - DEBUG - pop layout QVBoxLayout verticalLayout
2025-08-06 18:25:19,246 - DEBUG - pop widget QWidget verticalLayoutWidget
2025-08-06 18:25:19,246 - DEBUG - new topwidget <PyQt5.QtWidgets.QWidget object at 0x10b60eee0>
2025-08-06 18:25:19,247 - DEBUG - setting property geometry
2025-08-06 18:25:19,247 - DEBUG - setting property font
2025-08-06 18:25:19,247 - DEBUG - setting property text
2025-08-06 18:25:19,247 - DEBUG - push QLabel label
2025-08-06 18:25:19,247 - DEBUG - pop widget QLabel label
2025-08-06 18:25:19,247 - DEBUG - new topwidget <PyQt5.QtWidgets.QWidget object at 0x10b60eee0>
2025-08-06 18:25:19,247 - DEBUG - setting property geometry
2025-08-06 18:25:19,247 - DEBUG - setting property font
2025-08-06 18:25:19,247 - DEBUG - setting property text
2025-08-06 18:25:19,247 - DEBUG - push QLabel label_2
2025-08-06 18:25:19,247 - DEBUG - pop widget QLabel label_2
2025-08-06 18:25:19,247 - DEBUG - new topwidget <PyQt5.QtWidgets.QWidget object at 0x10b60eee0>
2025-08-06 18:25:19,247 - DEBUG - pop widget QWidget centralwidget
2025-08-06 18:25:19,247 - DEBUG - new topwidget <__main__.MainWindow object at 0x10b5fe790>
2025-08-06 18:25:19,248 - DEBUG - push QStatusBar statusbar
2025-08-06 18:25:19,248 - DEBUG - pop widget QStatusBar statusbar
2025-08-06 18:25:19,248 - DEBUG - new topwidget <__main__.MainWindow object at 0x10b5fe790>
2025-08-06 18:25:19,299 - DEBUG - setting property geometry
2025-08-06 18:25:19,300 - DEBUG - push QMenuBar menuBar
2025-08-06 18:25:19,300 - DEBUG - setting property title
2025-08-06 18:25:19,300 - DEBUG - push QMenu menuFile
2025-08-06 18:25:19,300 - DEBUG - pop widget QMenu menuFile
2025-08-06 18:25:19,300 - DEBUG - new topwidget <PyQt5.QtWidgets.QMenuBar object at 0x11705a550>
2025-08-06 18:25:19,300 - DEBUG - setting property title
2025-08-06 18:25:19,300 - DEBUG - push QMenu menuColor
2025-08-06 18:25:19,300 - DEBUG - pop widget QMenu menuColor
2025-08-06 18:25:19,300 - DEBUG - new topwidget <PyQt5.QtWidgets.QMenuBar object at 0x11705a550>
2025-08-06 18:25:19,300 - DEBUG - setting property title
2025-08-06 18:25:19,300 - DEBUG - push QMenu menuUpdate
2025-08-06 18:25:19,300 - DEBUG - pop widget QMenu menuUpdate
2025-08-06 18:25:19,300 - DEBUG - new topwidget <PyQt5.QtWidgets.QMenuBar object at 0x11705a550>
2025-08-06 18:25:19,300 - DEBUG - pop widget QMenuBar menuBar
2025-08-06 18:25:19,301 - DEBUG - new topwidget <__main__.MainWindow object at 0x10b5fe790>
2025-08-06 18:25:19,301 - DEBUG - setting property text
2025-08-06 18:25:19,301 - DEBUG - setting property text
2025-08-06 18:25:19,301 - DEBUG - setting property text
2025-08-06 18:25:19,301 - DEBUG - setting property text
2025-08-06 18:25:19,301 - DEBUG - setting property text
2025-08-06 18:25:19,301 - DEBUG - setting property text
2025-08-06 18:25:19,301 - DEBUG - setting property text
2025-08-06 18:25:19,301 - DEBUG - setting property text
2025-08-06 18:25:19,301 - DEBUG - setting property text
2025-08-06 18:25:19,301 - DEBUG - setting property text
2025-08-06 18:25:19,301 - DEBUG - pop widget MainWindow BLACK_BOX
2025-08-06 18:25:19,301 - DEBUG - new topwidget None
2025-08-06 18:25:19,302 - DEBUG - add action actionOpen to menuFile
2025-08-06 18:25:19,302 - DEBUG - add action actionSave to menuFile
2025-08-06 18:25:19,302 - DEBUG - add action actionCompare to menuFile
2025-08-06 18:25:19,302 - DEBUG - add action actionColor to menuColor
2025-08-06 18:25:19,302 - DEBUG - add action actionEditMileage to menuColor
2025-08-06 18:25:19,302 - DEBUG - add action actionCheckUpdate to menuUpdate
2025-08-06 18:25:19,302 - DEBUG - add action actionThankYou to menuUpdate
2025-08-06 18:25:19,302 - DEBUG - add action menuFile to menuBar
2025-08-06 18:25:19,302 - DEBUG - add action menuColor to menuBar
2025-08-06 18:25:19,303 - DEBUG - add action menuUpdate to menuBar
2025-08-06 18:25:19,572 - DEBUG - Starting new HTTPS connection (1): raw.githubusercontent.com:443
2025-08-06 18:25:20,136 - DEBUG - https://raw.githubusercontent.com:443 "GET /satanada666/Automotive-Binary-File-Editor/main/version.txt HTTP/1.1" 200 27
2025-08-06 18:25:42,035 - DEBUG - Starting new HTTPS connection (1): drive.google.com:443
2025-08-06 18:25:42,634 - DEBUG - https://drive.google.com:443 "GET /uc?export=download&id=18FR3PMLIgwexnmjfzzZSBuxjySS2U5jo HTTP/1.1" 303 0
2025-08-06 18:25:42,637 - DEBUG - Starting new HTTPS connection (1): drive.usercontent.google.com:443
2025-08-06 18:25:44,240 - DEBUG - https://drive.usercontent.google.com:443 "GET /download?id=18FR3PMLIgwexnmjfzzZSBuxjySS2U5jo&export=download HTTP/1.1" 200 149
2025-08-06 18:25:44,242 - DEBUG - Encoding detection: ascii is most likely the one.
